--------------------------------------------------------------------------------
Release 14.7 Trace  (lin64)
Copyright (c) 1995-2013 Xilinx, Inc.  All rights reserved.

/opt/Xilinx/14.7/ISE_DS/ISE/bin/lin64/unwrapped/trce -intstyle ise -v 3 -s 3 -n
3 -fastpaths -xml motorpackage.twx motorpackage.ncd -o motorpackage.twr
motorpackage.pcf -ucf testfinal.ucf

Design file:              motorpackage.ncd
Physical constraint file: motorpackage.pcf
Device,package,speed:     xc6slx9,tqg144,C,-3 (PRODUCTION 1.23 2016-11-22)
Report level:             verbose report

Environment Variable      Effect 
--------------------      ------ 
NONE                      No environment variables were set
--------------------------------------------------------------------------------

INFO:Timing:2698 - No timing constraints found, doing default enumeration.
INFO:Timing:3412 - To improve timing, see the Timing Closure User Guide (UG612).
INFO:Timing:2752 - To get complete path coverage, use the unconstrained paths 
   option. All paths that are not constrained will be reported in the 
   unconstrained paths section(s) of the report.
INFO:Timing:3339 - The clock-to-out numbers in this timing report are based on 
   a 50 Ohm transmission line loading model.  For the details of this model, 
   and for more information on accounting for different loading conditions, 
   please see the device datasheet.



Data Sheet report:
-----------------
All values displayed in nanoseconds (ns)

Setup/Hold to clock inc
------------+------------+------------+------------+------------+------------------+--------+
            |Max Setup to|  Process   |Max Hold to |  Process   |                  | Clock  |
Source      | clk (edge) |   Corner   | clk (edge) |   Corner   |Internal Clock(s) | Phase  |
------------+------------+------------+------------+------------+------------------+--------+
en          |    7.310(R)|      SLOW  |   -2.239(R)|      FAST  |inc_BUFGP         |   0.000|
q1a         |    1.821(R)|      SLOW  |   -0.873(R)|      SLOW  |inc_BUFGP         |   0.000|
q1b         |    2.575(R)|      SLOW  |   -1.403(R)|      FAST  |inc_BUFGP         |   0.000|
q2a         |    2.914(R)|      SLOW  |   -1.582(R)|      FAST  |inc_BUFGP         |   0.000|
q2b         |    2.780(R)|      SLOW  |   -1.539(R)|      FAST  |inc_BUFGP         |   0.000|
q3a         |    2.853(R)|      SLOW  |   -1.490(R)|      FAST  |inc_BUFGP         |   0.000|
q3b         |    3.316(R)|      SLOW  |   -1.854(R)|      FAST  |inc_BUFGP         |   0.000|
q4a         |    3.306(R)|      SLOW  |   -1.825(R)|      FAST  |inc_BUFGP         |   0.000|
q4b         |    3.037(R)|      SLOW  |   -1.653(R)|      FAST  |inc_BUFGP         |   0.000|
rxin        |    2.316(R)|      SLOW  |   -1.319(R)|      FAST  |inc_BUFGP         |   0.000|
------------+------------+------------+------------+------------+------------------+--------+

Clock inc to Pad
------------+-----------------+------------+-----------------+------------+------------------+--------+
            |Max (slowest) clk|  Process   |Min (fastest) clk|  Process   |                  | Clock  |
Destination |  (edge) to PAD  |   Corner   |  (edge) to PAD  |   Corner   |Internal Clock(s) | Phase  |
------------+-----------------+------------+-----------------+------------+------------------+--------+
a1<0>       |         9.684(R)|      SLOW  |         5.233(R)|      FAST  |inc_BUFGP         |   0.000|
a1<1>       |         9.951(R)|      SLOW  |         5.413(R)|      FAST  |inc_BUFGP         |   0.000|
a2<0>       |         9.101(R)|      SLOW  |         5.030(R)|      FAST  |inc_BUFGP         |   0.000|
a2<1>       |         9.011(R)|      SLOW  |         4.897(R)|      FAST  |inc_BUFGP         |   0.000|
a3<0>       |        10.250(R)|      SLOW  |         5.586(R)|      FAST  |inc_BUFGP         |   0.000|
a3<1>       |        10.549(R)|      SLOW  |         5.790(R)|      FAST  |inc_BUFGP         |   0.000|
a4<0>       |         9.336(R)|      SLOW  |         4.991(R)|      FAST  |inc_BUFGP         |   0.000|
a4<1>       |         9.749(R)|      SLOW  |         5.261(R)|      FAST  |inc_BUFGP         |   0.000|
b1<0>       |         8.359(R)|      SLOW  |         4.429(R)|      FAST  |inc_BUFGP         |   0.000|
b1<1>       |         8.931(R)|      SLOW  |         4.753(R)|      FAST  |inc_BUFGP         |   0.000|
b2<0>       |         8.905(R)|      SLOW  |         4.858(R)|      FAST  |inc_BUFGP         |   0.000|
b2<1>       |         9.093(R)|      SLOW  |         4.980(R)|      FAST  |inc_BUFGP         |   0.000|
b3<0>       |         9.541(R)|      SLOW  |         5.161(R)|      FAST  |inc_BUFGP         |   0.000|
b3<1>       |        10.062(R)|      SLOW  |         5.532(R)|      FAST  |inc_BUFGP         |   0.000|
b4<0>       |         8.641(R)|      SLOW  |         4.555(R)|      FAST  |inc_BUFGP         |   0.000|
b4<1>       |         8.719(R)|      SLOW  |         4.631(R)|      FAST  |inc_BUFGP         |   0.000|
c1<0>       |         7.997(R)|      SLOW  |         4.168(R)|      FAST  |inc_BUFGP         |   0.000|
c1<1>       |         8.243(R)|      SLOW  |         4.309(R)|      FAST  |inc_BUFGP         |   0.000|
c2<0>       |         8.992(R)|      SLOW  |         4.879(R)|      FAST  |inc_BUFGP         |   0.000|
c2<1>       |         9.292(R)|      SLOW  |         5.043(R)|      FAST  |inc_BUFGP         |   0.000|
c3<0>       |         9.576(R)|      SLOW  |         5.153(R)|      FAST  |inc_BUFGP         |   0.000|
c3<1>       |         9.532(R)|      SLOW  |         5.132(R)|      FAST  |inc_BUFGP         |   0.000|
c4<0>       |         8.560(R)|      SLOW  |         4.485(R)|      FAST  |inc_BUFGP         |   0.000|
c4<1>       |         8.381(R)|      SLOW  |         4.401(R)|      FAST  |inc_BUFGP         |   0.000|
------------+-----------------+------------+-----------------+------------+------------------+--------+

Clock to Setup on destination clock inc
---------------+---------+---------+---------+---------+
               | Src:Rise| Src:Fall| Src:Rise| Src:Fall|
Source Clock   |Dest:Rise|Dest:Rise|Dest:Fall|Dest:Fall|
---------------+---------+---------+---------+---------+
inc            |    7.617|         |         |         |
---------------+---------+---------+---------+---------+

Pad to Pad
---------------+---------------+---------+
Source Pad     |Destination Pad|  Delay  |
---------------+---------------+---------+
hall1<0>       |a1<0>          |    8.029|
hall1<0>       |a1<1>          |    8.296|
hall1<0>       |c1<0>          |    8.232|
hall1<0>       |c1<1>          |    8.478|
hall1<1>       |a1<0>          |    7.561|
hall1<1>       |a1<1>          |    7.828|
hall1<1>       |b1<0>          |    6.682|
hall1<1>       |b1<1>          |    7.254|
hall1<2>       |b1<0>          |    7.354|
hall1<2>       |b1<1>          |    7.926|
hall1<2>       |c1<0>          |    6.912|
hall1<2>       |c1<1>          |    7.158|
hall2<0>       |a2<0>          |    7.305|
hall2<0>       |a2<1>          |    7.215|
hall2<0>       |c2<0>          |    7.250|
hall2<0>       |c2<1>          |    7.550|
hall2<1>       |a2<0>          |    7.433|
hall2<1>       |a2<1>          |    7.343|
hall2<1>       |b2<0>          |    7.328|
hall2<1>       |b2<1>          |    7.516|
hall2<2>       |b2<0>          |    7.772|
hall2<2>       |b2<1>          |    7.960|
hall2<2>       |c2<0>          |    6.876|
hall2<2>       |c2<1>          |    7.176|
hall3<0>       |a3<0>          |    7.502|
hall3<0>       |a3<1>          |    7.801|
hall3<0>       |c3<0>          |    8.455|
hall3<0>       |c3<1>          |    8.411|
hall3<1>       |a3<0>          |    7.644|
hall3<1>       |a3<1>          |    7.943|
hall3<1>       |b3<0>          |    7.006|
hall3<1>       |b3<1>          |    7.527|
hall3<2>       |b3<0>          |    7.609|
hall3<2>       |b3<1>          |    8.130|
hall3<2>       |c3<0>          |    7.392|
hall3<2>       |c3<1>          |    7.348|
hall4<0>       |a4<0>          |    8.050|
hall4<0>       |a4<1>          |    8.463|
hall4<0>       |c4<0>          |    6.938|
hall4<0>       |c4<1>          |    6.759|
hall4<1>       |a4<0>          |    7.798|
hall4<1>       |a4<1>          |    8.211|
hall4<1>       |b4<0>          |    6.985|
hall4<1>       |b4<1>          |    7.063|
hall4<2>       |b4<0>          |    7.204|
hall4<2>       |b4<1>          |    7.282|
hall4<2>       |c4<0>          |    7.499|
hall4<2>       |c4<1>          |    7.320|
---------------+---------------+---------+


Analysis completed Sat Jan 12 07:49:46 2019 
--------------------------------------------------------------------------------

Trace Settings:
-------------------------
Trace Settings 

Peak Memory Usage: 393 MB



