Release 14.7 Map P.20160913 (lin64)
Xilinx Mapping Report File for Design 'motorpackage'

Design Information
------------------
Command Line   : map -intstyle ise -p xc6slx9-csg324-3 -w -logic_opt off -ol
high -t 1 -xt 0 -register_duplication off -r 4 -global_opt off -mt off -ir off
-pr off -lc off -power off -o motorpackage_map.ncd motorpackage.ngd
motorpackage.pcf 
Target Device  : xc6slx9
Target Package : csg324
Target Speed   : -3
Mapper Version : spartan6 -- $Revision: 1.55 $
Mapped Date    : Tue Dec 11 09:39:25 2018

Design Summary
--------------
Number of errors:      0
Number of warnings:    0
Slice Logic Utilization:
  Number of Slice Registers:                   378 out of  11,440    3%
    Number used as Flip Flops:                 378
    Number used as Latches:                      0
    Number used as Latch-thrus:                  0
    Number used as AND/OR logics:                0
  Number of Slice LUTs:                        396 out of   5,720    6%
    Number used as logic:                      377 out of   5,720    6%
      Number using O6 output only:             209
      Number using O5 output only:              52
      Number using O5 and O6:                  116
      Number used as ROM:                        0
    Number used as Memory:                       5 out of   1,440    1%
      Number used as Dual Port RAM:              0
      Number used as Single Port RAM:            0
      Number used as Shift Register:             5
        Number using O6 output only:             1
        Number using O5 output only:             0
        Number using O5 and O6:                  4
    Number used exclusively as route-thrus:     14
      Number with same-slice register load:      3
      Number with same-slice carry load:        11
      Number with other load:                    0

Slice Logic Distribution:
  Number of occupied Slices:                   178 out of   1,430   12%
  Number of MUXCYs used:                       212 out of   2,860    7%
  Number of LUT Flip Flop pairs used:          536
    Number with an unused Flip Flop:           196 out of     536   36%
    Number with an unused LUT:                 140 out of     536   26%
    Number of fully used LUT-FF pairs:         200 out of     536   37%
    Number of unique control sets:              26
    Number of slice register sites lost
      to control set restrictions:              53 out of  11,440    1%

  A LUT Flip Flop pair for this architecture represents one LUT paired with
  one Flip Flop within a slice.  A control set is a unique combination of
  clock, reset, set, and enable signals for a registered element.
  The Slice Logic Distribution report is not meaningful if the design is
  over-mapped for a non-slice resource or if Placement fails.

IO Utilization:
  Number of bonded IOBs:                        57 out of     200   28%
    Number of LOCed IOBs:                       21 out of      57   36%

Specific Feature Utilization:
  Number of RAMB16BWERs:                         0 out of      32    0%
  Number of RAMB8BWERs:                          0 out of      64    0%
  Number of BUFIO2/BUFIO2_2CLKs:                 0 out of      32    0%
  Number of BUFIO2FB/BUFIO2FB_2CLKs:             0 out of      32    0%
  Number of BUFG/BUFGMUXs:                       2 out of      16   12%
    Number used as BUFGs:                        2
    Number used as BUFGMUX:                      0
  Number of DCM/DCM_CLKGENs:                     0 out of       4    0%
  Number of ILOGIC2/ISERDES2s:                   0 out of     200    0%
  Number of IODELAY2/IODRP2/IODRP2_MCBs:         0 out of     200    0%
  Number of OLOGIC2/OSERDES2s:                   0 out of     200    0%
  Number of BSCANs:                              0 out of       4    0%
  Number of BUFHs:                               0 out of     128    0%
  Number of BUFPLLs:                             0 out of       8    0%
  Number of BUFPLL_MCBs:                         0 out of       4    0%
  Number of DSP48A1s:                            8 out of      16   50%
  Number of ICAPs:                               0 out of       1    0%
  Number of MCBs:                                0 out of       2    0%
  Number of PCILOGICSEs:                         0 out of       2    0%
  Number of PLL_ADVs:                            0 out of       2    0%
  Number of PMVs:                                0 out of       1    0%
  Number of STARTUPs:                            0 out of       1    0%
  Number of SUSPEND_SYNCs:                       0 out of       1    0%

Average Fanout of Non-Clock Nets:                2.82

Peak Memory Usage:  764 MB
Total REAL time to MAP completion:  31 secs 
Total CPU time to MAP completion:   29 secs 

Table of Contents
-----------------
Section 1 - Errors
Section 2 - Warnings
Section 3 - Informational
Section 4 - Removed Logic Summary
Section 5 - Removed Logic
Section 6 - IOB Properties
Section 7 - RPMs
Section 8 - Guide Report
Section 9 - Area Group and Partition Summary
Section 10 - Timing Report
Section 11 - Configuration String Information
Section 12 - Control Set Information
Section 13 - Utilization by Hierarchy

Section 1 - Errors
------------------

Section 2 - Warnings
--------------------
WARNING:Security:42 - Your software subscription period has lapsed. Your current
version of Xilinx tools will continue to function, but you no longer qualify for
Xilinx software updates or new releases.

Section 3 - Informational
-------------------------
INFO:Security:54 - 'xc6slx9' is a WebPack part.
INFO:MapLib:562 - No environment variables are currently set.
INFO:MapLib:159 - Net Timing constraints on signal inc are pushed forward
   through input buffer.
INFO:Pack:1716 - Initializing temperature to 85.000 Celsius. (default - Range:
   0.000 to 85.000 Celsius)
INFO:Pack:1720 - Initializing voltage to 1.140 Volts. (default - Range: 1.140 to
   1.260 Volts)
INFO:Map:215 - The Interim Design Summary has been generated in the MAP Report
   (.mrp).
INFO:Place:834 - Only a subset of IOs are locked. Out of 57 IOs, 21 are locked
   and 36 are not locked. If you would like to print the names of these IOs,
   please set the environment variable XIL_PAR_DESIGN_CHECK_VERBOSE to 1. 
INFO:Pack:1650 - Map created a placed design.

Section 4 - Removed Logic Summary
---------------------------------
   2 block(s) optimized away

Section 5 - Removed Logic
-------------------------

Optimized Block(s):
TYPE 		BLOCK
GND 		XLXI_19
VCC 		XLXI_21

To enable printing of redundant blocks removed and signals merged, set the
detailed map report option and rerun map.

Section 6 - IOB Properties
--------------------------

+---------------------------------------------------------------------------------------------------------------------------------------------------------+
| IOB Name                           | Type             | Direction | IO Standard          | Diff  | Drive    | Slew | Reg (s)      | Resistor | IOB      |
|                                    |                  |           |                      | Term  | Strength | Rate |              |          | Delay    |
+---------------------------------------------------------------------------------------------------------------------------------------------------------+
| a1<0>                              | IOB              | OUTPUT    | LVCMOS33             |       | 8        | FAST |              |          |          |
| a1<1>                              | IOB              | OUTPUT    | LVCMOS33             |       | 8        | FAST |              |          |          |
| a2<0>                              | IOB              | OUTPUT    | LVCMOS33             |       | 8        | FAST |              |          |          |
| a2<1>                              | IOB              | OUTPUT    | LVCMOS33             |       | 8        | FAST |              |          |          |
| a3<0>                              | IOB              | OUTPUT    | LVCMOS25             |       | 12       | SLOW |              |          |          |
| a3<1>                              | IOB              | OUTPUT    | LVCMOS25             |       | 12       | SLOW |              |          |          |
| a4<0>                              | IOB              | OUTPUT    | LVCMOS25             |       | 12       | SLOW |              |          |          |
| a4<1>                              | IOB              | OUTPUT    | LVCMOS25             |       | 12       | SLOW |              |          |          |
| a5<0>                              | IOB              | OUTPUT    | LVCMOS25             |       | 12       | SLOW |              |          |          |
| a5<1>                              | IOB              | OUTPUT    | LVCMOS25             |       | 12       | SLOW |              |          |          |
| b1<0>                              | IOB              | OUTPUT    | LVCMOS33             |       | 8        | FAST |              |          |          |
| b1<1>                              | IOB              | OUTPUT    | LVCMOS33             |       | 8        | FAST |              |          |          |
| b2<0>                              | IOB              | OUTPUT    | LVCMOS25             |       | 12       | SLOW |              |          |          |
| b2<1>                              | IOB              | OUTPUT    | LVCMOS25             |       | 12       | SLOW |              |          |          |
| b3<0>                              | IOB              | OUTPUT    | LVCMOS25             |       | 12       | SLOW |              |          |          |
| b3<1>                              | IOB              | OUTPUT    | LVCMOS25             |       | 12       | SLOW |              |          |          |
| b4<0>                              | IOB              | OUTPUT    | LVCMOS25             |       | 12       | SLOW |              |          |          |
| b4<1>                              | IOB              | OUTPUT    | LVCMOS25             |       | 12       | SLOW |              |          |          |
| b5<0>                              | IOB              | OUTPUT    | LVCMOS25             |       | 12       | SLOW |              |          |          |
| b5<1>                              | IOB              | OUTPUT    | LVCMOS25             |       | 12       | SLOW |              |          |          |
| c1<0>                              | IOB              | OUTPUT    | LVCMOS33             |       | 8        | FAST |              |          |          |
| c1<1>                              | IOB              | OUTPUT    | LVCMOS33             |       | 8        | FAST |              |          |          |
| c2<0>                              | IOB              | OUTPUT    | LVCMOS25             |       | 12       | SLOW |              |          |          |
| c2<1>                              | IOB              | OUTPUT    | LVCMOS25             |       | 12       | SLOW |              |          |          |
| c3<0>                              | IOB              | OUTPUT    | LVCMOS25             |       | 12       | SLOW |              |          |          |
| c3<1>                              | IOB              | OUTPUT    | LVCMOS25             |       | 12       | SLOW |              |          |          |
| c4<0>                              | IOB              | OUTPUT    | LVCMOS25             |       | 12       | SLOW |              |          |          |
| c4<1>                              | IOB              | OUTPUT    | LVCMOS25             |       | 12       | SLOW |              |          |          |
| c5<0>                              | IOB              | OUTPUT    | LVCMOS25             |       | 12       | SLOW |              |          |          |
| c5<1>                              | IOB              | OUTPUT    | LVCMOS25             |       | 12       | SLOW |              |          |          |
| en                                 | IOB              | INPUT     | LVCMOS33             |       |          |      |              | PULLUP   |          |
| hall1<0>                           | IOB              | INPUT     | LVCMOS33             |       |          |      |              |          |          |
| hall1<1>                           | IOB              | INPUT     | LVCMOS33             |       |          |      |              |          |          |
| hall1<2>                           | IOB              | INPUT     | LVCMOS33             |       |          |      |              |          |          |
| hall2<0>                           | IOB              | INPUT     | LVCMOS33             |       |          |      |              |          |          |
| hall2<1>                           | IOB              | INPUT     | LVCMOS33             |       |          |      |              |          |          |
| hall2<2>                           | IOB              | INPUT     | LVCMOS33             |       |          |      |              |          |          |
| hall3<0>                           | IOB              | INPUT     | LVCMOS25             |       |          |      |              |          |          |
| hall3<1>                           | IOB              | INPUT     | LVCMOS25             |       |          |      |              |          |          |
| hall3<2>                           | IOB              | INPUT     | LVCMOS25             |       |          |      |              |          |          |
| hall4<0>                           | IOB              | INPUT     | LVCMOS25             |       |          |      |              |          |          |
| hall4<1>                           | IOB              | INPUT     | LVCMOS25             |       |          |      |              |          |          |
| hall4<2>                           | IOB              | INPUT     | LVCMOS25             |       |          |      |              |          |          |
| hall5<0>                           | IOB              | INPUT     | LVCMOS25             |       |          |      |              |          |          |
| hall5<1>                           | IOB              | INPUT     | LVCMOS25             |       |          |      |              |          |          |
| hall5<2>                           | IOB              | INPUT     | LVCMOS25             |       |          |      |              |          |          |
| inc                                | IOB              | INPUT     | LVCMOS33             |       |          |      |              |          |          |
| q1a                                | IOB              | INPUT     | LVCMOS33             |       |          |      |              |          |          |
| q1b                                | IOB              | INPUT     | LVCMOS33             |       |          |      |              |          |          |
| q2a                                | IOB              | INPUT     | LVCMOS33             |       |          |      |              |          |          |
| q2b                                | IOB              | INPUT     | LVCMOS33             |       |          |      |              |          |          |
| q3a                                | IOB              | INPUT     | LVCMOS25             |       |          |      |              |          |          |
| q3b                                | IOB              | INPUT     | LVCMOS25             |       |          |      |              |          |          |
| q4a                                | IOB              | INPUT     | LVCMOS25             |       |          |      |              |          |          |
| q4b                                | IOB              | INPUT     | LVCMOS25             |       |          |      |              |          |          |
| rxin                               | IOB              | INPUT     | LVCMOS33             |       |          |      |              |          |          |
| tx                                 | IOB              | OUTPUT    | LVCMOS25             |       | 12       | SLOW |              |          |          |
+---------------------------------------------------------------------------------------------------------------------------------------------------------+

Section 7 - RPMs
----------------

Section 8 - Guide Report
------------------------
Guide not run on this design.

Section 9 - Area Group and Partition Summary
--------------------------------------------

Partition Implementation Status
-------------------------------

  No Partitions were found in this design.

-------------------------------

Area Group Information
----------------------

  No area groups were found in this design.

----------------------

Section 10 - Timing Report
--------------------------
A logic-level (pre-route) timing report can be generated by using Xilinx static
timing analysis tools, Timing Analyzer (GUI) or TRCE (command line), with the
mapped NCD and PCF files. Please note that this timing report will be generated
using estimated delay information. For accurate numbers, please generate a
timing report with the post Place and Route NCD file.

For more information about the Timing Analyzer, consult the Xilinx Timing
Analyzer Reference Manual; for more information about TRCE, consult the Xilinx
Command Line Tools User Guide "TRACE" chapter.

Section 11 - Configuration String Details
-----------------------------------------
Use the "-detail" map option to print out Configuration Strings

Section 12 - Control Set Information
------------------------------------
Use the "-detail" map option to print out Control Set Information.

Section 13 - Utilization by Hierarchy
-------------------------------------
Use the "-detail" map option to print out the Utilization by Hierarchy section.
