Running: E:\Xilinx\14.7\ISE_DS\ISE\bin\nt\unwrapped\fuse.exe -intstyle ise -incremental -lib unisims_ver -lib unimacro_ver -lib xilinxcorelib_ver -lib secureip -o E:/Xilinx/Projects/Motor_Driver/Test_Motor_isim_beh.exe -prj E:/Xilinx/Projects/Motor_Driver/Test_Motor_beh.prj work.Test_Motor work.glbl 
ISim P.20131013 (signature 0x8ef4fb42)
Number of CPUs detected in this system: 8
Turning on mult-threading, number of parallel sub-compilation jobs: 16 
Determining compilation order of HDL files
Analyzing Verilog file "E:/Xilinx/Projects/Motor_Driver/Motor_Driver.v" into library work
Analyzing Verilog file "E:/Xilinx/Projects/Motor_Driver/Test_Motor.v" into library work
Analyzing Verilog file "E:/Xilinx/14.7/ISE_DS/ISE//verilog/src/glbl.v" into library work
Starting static elaboration
Completed static elaboration
Fuse Memory Usage: 194240 KB
Fuse CPU Usage: 593 ms
Compiling module Motor_Driver
Compiling module Test_Motor
Compiling module glbl
Time Resolution for simulation is 1ps.
Compiled 3 Verilog Units
Built simulation executable E:/Xilinx/Projects/Motor_Driver/Test_Motor_isim_beh.exe
Fuse Memory Usage: 200936 KB
Fuse CPU Usage: 686 ms
