--------------------------------------------------------------------------------
Release 14.7 Trace  (nt)
Copyright (c) 1995-2013 Xilinx, Inc.  All rights reserved.

E:\Xilinx\14.7\ISE_DS\ISE\bin\nt\unwrapped\trce.exe -intstyle ise -v 3 -s 3 -n
3 -fastpaths -xml Motor_Driver.twx Motor_Driver.ncd -o Motor_Driver.twr
Motor_Driver.pcf -ucf UCF.ucf

Design file:              Motor_Driver.ncd
Physical constraint file: Motor_Driver.pcf
Device,package,speed:     xc6slx9,tqg144,C,-3 (PRODUCTION 1.23 2013-10-13)
Report level:             verbose report

Environment Variable      Effect 
--------------------      ------ 
NONE                      No environment variables were set
--------------------------------------------------------------------------------

INFO:Timing:2698 - No timing constraints found, doing default enumeration.
INFO:Timing:3412 - To improve timing, see the Timing Closure User Guide (UG612).
INFO:Timing:2752 - To get complete path coverage, use the unconstrained paths 
   option. All paths that are not constrained will be reported in the 
   unconstrained paths section(s) of the report.
INFO:Timing:3339 - The clock-to-out numbers in this timing report are based on 
   a 50 Ohm transmission line loading model.  For the details of this model, 
   and for more information on accounting for different loading conditions, 
   please see the device datasheet.



Data Sheet report:
-----------------
All values displayed in nanoseconds (ns)

Pad to Pad
---------------+---------------+---------+
Source Pad     |Destination Pad|  Delay  |
---------------+---------------+---------+
H<0>           |A<0>           |    7.151|
H<0>           |A<1>           |    6.992|
H<0>           |B<0>           |    7.639|
H<0>           |C<0>           |    7.380|
H<0>           |C<1>           |    7.670|
H<1>           |A<0>           |    7.315|
H<1>           |A<1>           |    7.156|
H<1>           |B<0>           |    7.649|
H<1>           |B<1>           |    7.457|
H<1>           |C<0>           |    7.390|
H<2>           |A<0>           |    7.849|
H<2>           |B<0>           |    8.569|
H<2>           |B<1>           |    8.368|
H<2>           |C<0>           |    8.310|
H<2>           |C<1>           |    8.292|
---------------+---------------+---------+


Analysis completed Mon Aug 27 19:32:38 2018 
--------------------------------------------------------------------------------

Trace Settings:
-------------------------
Trace Settings 

Peak Memory Usage: 200 MB



