ISim log file
Running: E:\Xilinx\Projects\PWM_3-Bit\Schematic_Schematic_sch_tb_isim_beh.exe -intstyle ise -gui -tclbatch isim.cmd -wdb E:/Xilinx/Projects/PWM_3-Bit/Schematic_Schematic_sch_tb_isim_beh.wdb 
ISim P.20131013 (signature 0x8ef4fb42)
This is a Full version of ISim.
Time resolution is 1 ps
# onerror resume
# wave add /
# run 1000 ns
Simulator is doing circuit initialization process.
Finished circuit initialization process.
# run all
Stopped at time : 84935690 ns : File "E:/Xilinx/Projects/PWM_3-Bit/Schematic.vf" Line 81
# isim force add /Schematic_Schematic_sch_tb/INPUT_1 0 -radix bin -cancel 1 s
# isim force add /Schematic_Schematic_sch_tb/INPUT_1 0 -radix bin -cancel 1 s
# run all
Stopped at time : 143651180 ns : File "E:/Xilinx/Projects/PWM_3-Bit/Simulation.v" Line 54
ISim P.20131013 (signature 0x8ef4fb42)
This is a Full version of ISim.
# run 1000 ns
Simulator is doing circuit initialization process.
Finished circuit initialization process.
# run all
Stopped at time : 26909100 ns : File "E:/Xilinx/Projects/PWM_3-Bit/Simulation.v" Line 54
