Release 14.7 - xst P.20131013 (nt)
Copyright (c) 1995-2013 Xilinx, Inc.  All rights reserved.
--> Parameter TMPDIR set to xst/projnav.tmp


Total REAL time to Xst completion: 0.00 secs
Total CPU time to Xst completion: 0.20 secs
 
--> Parameter xsthdpdir set to xst


Total REAL time to Xst completion: 0.00 secs
Total CPU time to Xst completion: 0.20 secs
 
--> Reading design: UART.prj

TABLE OF CONTENTS
  1) Synthesis Options Summary
  2) HDL Parsing
  3) HDL Elaboration
  4) HDL Synthesis
       4.1) HDL Synthesis Report
  5) Advanced HDL Synthesis
       5.1) Advanced HDL Synthesis Report
  6) Low Level Synthesis
  7) Partition Report
  8) Design Summary
       8.1) Primitive and Black Box Usage
       8.2) Device utilization summary
       8.3) Partition Resource Summary
       8.4) Timing Report
            8.4.1) Clock Information
            8.4.2) Asynchronous Control Signals Information
            8.4.3) Timing Summary
            8.4.4) Timing Details
            8.4.5) Cross Clock Domains Report


=========================================================================
*                      Synthesis Options Summary                        *
=========================================================================
---- Source Parameters
Input File Name                    : "UART.prj"
Ignore Synthesis Constraint File   : NO

---- Target Parameters
Output File Name                   : "UART"
Output Format                      : NGC
Target Device                      : xc6slx9-3-csg324

---- Source Options
Top Module Name                    : UART
Automatic FSM Extraction           : YES
FSM Encoding Algorithm             : Auto
Safe Implementation                : No
FSM Style                          : LUT
RAM Extraction                     : Yes
RAM Style                          : Auto
ROM Extraction                     : Yes
Shift Register Extraction          : YES
ROM Style                          : Auto
Resource Sharing                   : YES
Asynchronous To Synchronous        : NO
Shift Register Minimum Size        : 2
Use DSP Block                      : Auto
Automatic Register Balancing       : No

---- Target Options
LUT Combining                      : Auto
Reduce Control Sets                : Auto
Add IO Buffers                     : YES
Global Maximum Fanout              : 100000
Add Generic Clock Buffer(BUFG)     : 16
Register Duplication               : YES
Optimize Instantiated Primitives   : NO
Use Clock Enable                   : Auto
Use Synchronous Set                : Auto
Use Synchronous Reset              : Auto
Pack IO Registers into IOBs        : Auto
Equivalent register Removal        : YES

---- General Options
Optimization Goal                  : Speed
Optimization Effort                : 1
Power Reduction                    : NO
Keep Hierarchy                     : No
Netlist Hierarchy                  : As_Optimized
RTL Output                         : Yes
Global Optimization                : AllClockNets
Read Cores                         : YES
Write Timing Constraints           : NO
Cross Clock Analysis               : NO
Hierarchy Separator                : /
Bus Delimiter                      : <>
Case Specifier                     : Maintain
Slice Utilization Ratio            : 100
BRAM Utilization Ratio             : 100
DSP48 Utilization Ratio            : 100
Auto BRAM Packing                  : NO
Slice Utilization Ratio Delta      : 5

=========================================================================


=========================================================================
*                          HDL Parsing                                  *
=========================================================================
Analyzing Verilog file "E:\Xilinx\Projects\Clock_Divider\Clock_Divider.v" into library work
Parsing module <Clock_Divider>.
Analyzing Verilog file "E:\Xilinx\Projects\UART\UART.v" into library work
Parsing module <Transmiter>.
Parsing module <Receiver>.
Parsing module <UART>.

=========================================================================
*                            HDL Elaboration                            *
=========================================================================

Elaborating module <UART>.

Elaborating module <Transmiter>.
WARNING:HDLCompiler:872 - "E:\Xilinx\Projects\UART\UART.v" Line 23: Using initial value of IN since it is never assigned

Elaborating module <Clock_Divider>.
WARNING:HDLCompiler:413 - "E:\Xilinx\Projects\Clock_Divider\Clock_Divider.v" Line 43: Result of 15-bit expression is truncated to fit in 14-bit target.

Elaborating module <Receiver>.
WARNING:HDLCompiler:872 - "E:\Xilinx\Projects\UART\UART.v" Line 56: Using initial value of IN since it is never assigned
WARNING:HDLCompiler:91 - "E:\Xilinx\Projects\UART\UART.v" Line 63: Signal <r1> missing in the sensitivity list is added for synthesis purposes. HDL and post-synthesis simulations may differ as a result.
WARNING:HDLCompiler:413 - "E:\Xilinx\Projects\UART\UART.v" Line 85: Result of 5-bit expression is truncated to fit in 4-bit target.
WARNING:HDLCompiler:413 - "E:\Xilinx\Projects\UART\UART.v" Line 86: Result of 5-bit expression is truncated to fit in 4-bit target.
WARNING:HDLCompiler:413 - "E:\Xilinx\Projects\UART\UART.v" Line 87: Result of 5-bit expression is truncated to fit in 4-bit target.
WARNING:HDLCompiler:413 - "E:\Xilinx\Projects\UART\UART.v" Line 88: Result of 5-bit expression is truncated to fit in 4-bit target.
WARNING:HDLCompiler:413 - "E:\Xilinx\Projects\UART\UART.v" Line 89: Result of 5-bit expression is truncated to fit in 4-bit target.
WARNING:HDLCompiler:413 - "E:\Xilinx\Projects\UART\UART.v" Line 90: Result of 5-bit expression is truncated to fit in 4-bit target.
WARNING:HDLCompiler:413 - "E:\Xilinx\Projects\UART\UART.v" Line 91: Result of 5-bit expression is truncated to fit in 4-bit target.
WARNING:HDLCompiler:413 - "E:\Xilinx\Projects\UART\UART.v" Line 92: Result of 5-bit expression is truncated to fit in 4-bit target.

=========================================================================
*                           HDL Synthesis                               *
=========================================================================

Synthesizing Unit <UART>.
    Related source file is "E:\Xilinx\Projects\UART\UART.v".
    Summary:
	no macro.
Unit <UART> synthesized.

Synthesizing Unit <Transmiter>.
    Related source file is "E:\Xilinx\Projects\UART\UART.v".
    Found 1-bit register for signal <TX_register>.
    Found 4-bit register for signal <Count>.
    Found 4-bit adder for signal <Count[3]_GND_2_o_add_9_OUT> created at line 47.
    Found 1-bit 12-to-1 multiplexer for signal <Count[3]_PWR_2_o_Mux_11_o> created at line 37.
    Summary:
	inferred   1 Adder/Subtractor(s).
	inferred   5 D-type flip-flop(s).
	inferred   2 Multiplexer(s).
Unit <Transmiter> synthesized.

Synthesizing Unit <Clock_Divider>.
    Related source file is "E:\Xilinx\Projects\Clock_Divider\Clock_Divider.v".
    Found 1-bit register for signal <OUT>.
    Found 14-bit register for signal <Counter>.
    Found 14-bit adder for signal <Counter[13]_GND_3_o_add_1_OUT> created at line 43.
    Found 14-bit comparator equal for signal <Counter[13]_GND_3_o_equal_1_o> created at line 34
    Summary:
	inferred   1 Adder/Subtractor(s).
	inferred  15 D-type flip-flop(s).
	inferred   1 Comparator(s).
	inferred   1 Multiplexer(s).
Unit <Clock_Divider> synthesized.

Synthesizing Unit <Receiver>.
    Related source file is "E:\Xilinx\Projects\UART\UART.v".
    Found 4-bit register for signal <Count>.
    Found 8-bit register for signal <DATA>.
    Found 1-bit register for signal <r2>.
    Found 1-bit register for signal <r1>.
    Found 1-bit register for signal <rc>.
    Found 1-bit register for signal <en>.
    Found 4-bit adder for signal <Count[3]_GND_5_o_add_9_OUT> created at line 92.
    Found 16x1-bit Read Only RAM for signal <Count[3]_GND_5_o_Mux_10_o>
    Summary:
	inferred   1 RAM(s).
	inferred   1 Adder/Subtractor(s).
	inferred  16 D-type flip-flop(s).
	inferred   8 Multiplexer(s).
Unit <Receiver> synthesized.

=========================================================================
HDL Synthesis Report

Macro Statistics
# RAMs                                                 : 1
 16x1-bit single-port Read Only RAM                    : 1
# Adders/Subtractors                                   : 4
 14-bit adder                                          : 2
 4-bit adder                                           : 2
# Registers                                            : 12
 1-bit register                                        : 7
 14-bit register                                       : 2
 4-bit register                                        : 2
 8-bit register                                        : 1
# Comparators                                          : 2
 14-bit comparator equal                               : 2
# Multiplexers                                         : 12
 1-bit 12-to-1 multiplexer                             : 1
 14-bit 2-to-1 multiplexer                             : 2
 4-bit 2-to-1 multiplexer                              : 2
 8-bit 2-to-1 multiplexer                              : 7

=========================================================================

=========================================================================
*                       Advanced HDL Synthesis                          *
=========================================================================


Synthesizing (advanced) Unit <Clock_Divider>.
The following registers are absorbed into counter <Counter>: 1 register on signal <Counter>.
Unit <Clock_Divider> synthesized (advanced).

Synthesizing (advanced) Unit <Receiver>.
The following registers are absorbed into counter <Count>: 1 register on signal <Count>.
INFO:Xst:3231 - The small RAM <Mram_Count[3]_GND_5_o_Mux_10_o> will be implemented on LUTs in order to maximize performance and save block RAM resources. If you want to force its implementation on block, use option/constraint ram_style.
    -----------------------------------------------------------------------
    | ram_type           | Distributed                         |          |
    -----------------------------------------------------------------------
    | Port A                                                              |
    |     aspect ratio   | 16-word x 1-bit                     |          |
    |     weA            | connected to signal <GND>           | high     |
    |     addrA          | connected to signal <Count>         |          |
    |     diA            | connected to signal <GND>           |          |
    |     doA            | connected to internal node          |          |
    -----------------------------------------------------------------------
Unit <Receiver> synthesized (advanced).

Synthesizing (advanced) Unit <Transmiter>.
The following registers are absorbed into counter <Count>: 1 register on signal <Count>.
Unit <Transmiter> synthesized (advanced).

=========================================================================
Advanced HDL Synthesis Report

Macro Statistics
# RAMs                                                 : 1
 16x1-bit single-port distributed Read Only RAM        : 1
# Counters                                             : 4
 14-bit up counter                                     : 2
 4-bit up counter                                      : 2
# Registers                                            : 15
 Flip-Flops                                            : 15
# Comparators                                          : 2
 14-bit comparator equal                               : 2
# Multiplexers                                         : 8
 1-bit 12-to-1 multiplexer                             : 1
 8-bit 2-to-1 multiplexer                              : 7

=========================================================================

=========================================================================
*                         Low Level Synthesis                           *
=========================================================================
WARNING:Xst:3002 - This design contains one or more registers/latches that are directly
   incompatible with the Spartan6 architecture. The two primary causes of this is
   either a register or latch described with both an asynchronous set and
   asynchronous reset, or a register or latch described with an asynchronous
   set or reset which however has an initialization value of the opposite 
   polarity (i.e. asynchronous reset with an initialization value of 1).
    While this circuit can be built, it creates a sub-optimal implementation
   in terms of area, power and performance. For a more optimal implementation
   Xilinx highly recommends one of the following:

          1) Remove either the set or reset from all registers and latches
             if not needed for required functionality
          2) Modify the code in order to produce a synchronous set
             and/or reset (both is preferred)
          3) Ensure all registers have the same initialization value as the
             described asynchronous set or reset polarity
          4) Use the -async_to_sync option to transform the asynchronous
             set/reset to synchronous operation
             (timing simulation highly recommended when using this option)

  Please refer to http://www.xilinx.com search string "Spartan6 asynchronous set/reset" for more details.

  List of register instances with asynchronous set and reset:
    en in unit <Receiver>


Optimizing unit <UART> ...

Optimizing unit <Transmiter> ...

Optimizing unit <Receiver> ...
INFO:Xst:2261 - The FF/Latch <T/CD1/Counter_0> in Unit <UART> is equivalent to the following FF/Latch, which will be removed : <R/CD2/Counter_0> 
INFO:Xst:2261 - The FF/Latch <T/CD1/Counter_1> in Unit <UART> is equivalent to the following FF/Latch, which will be removed : <R/CD2/Counter_1> 
INFO:Xst:2261 - The FF/Latch <T/CD1/Counter_2> in Unit <UART> is equivalent to the following FF/Latch, which will be removed : <R/CD2/Counter_2> 
INFO:Xst:2261 - The FF/Latch <T/CD1/Counter_3> in Unit <UART> is equivalent to the following FF/Latch, which will be removed : <R/CD2/Counter_3> 
INFO:Xst:2261 - The FF/Latch <T/CD1/Counter_4> in Unit <UART> is equivalent to the following FF/Latch, which will be removed : <R/CD2/Counter_4> 
INFO:Xst:2261 - The FF/Latch <T/CD1/Counter_5> in Unit <UART> is equivalent to the following FF/Latch, which will be removed : <R/CD2/Counter_5> 
INFO:Xst:2261 - The FF/Latch <T/CD1/Counter_6> in Unit <UART> is equivalent to the following FF/Latch, which will be removed : <R/CD2/Counter_6> 
INFO:Xst:2261 - The FF/Latch <T/CD1/Counter_7> in Unit <UART> is equivalent to the following FF/Latch, which will be removed : <R/CD2/Counter_7> 
INFO:Xst:2261 - The FF/Latch <T/CD1/Counter_8> in Unit <UART> is equivalent to the following FF/Latch, which will be removed : <R/CD2/Counter_8> 
INFO:Xst:2261 - The FF/Latch <T/CD1/Counter_9> in Unit <UART> is equivalent to the following FF/Latch, which will be removed : <R/CD2/Counter_9> 
INFO:Xst:2261 - The FF/Latch <T/CD1/OUT> in Unit <UART> is equivalent to the following FF/Latch, which will be removed : <R/CD2/OUT> 
INFO:Xst:2261 - The FF/Latch <T/CD1/Counter_10> in Unit <UART> is equivalent to the following FF/Latch, which will be removed : <R/CD2/Counter_10> 
INFO:Xst:2261 - The FF/Latch <T/CD1/Counter_11> in Unit <UART> is equivalent to the following FF/Latch, which will be removed : <R/CD2/Counter_11> 
INFO:Xst:2261 - The FF/Latch <T/CD1/Counter_12> in Unit <UART> is equivalent to the following FF/Latch, which will be removed : <R/CD2/Counter_12> 
INFO:Xst:2261 - The FF/Latch <T/CD1/Counter_13> in Unit <UART> is equivalent to the following FF/Latch, which will be removed : <R/CD2/Counter_13> 

Mapping all equations...
Building and optimizing final netlist ...
Found area constraint ratio of 100 (+ 5) on block UART, actual ratio is 1.

Final Macro Processing ...

=========================================================================
Final Register Report

Macro Statistics
# Registers                                            : 36
 Flip-Flops                                            : 36

=========================================================================

=========================================================================
*                           Partition Report                            *
=========================================================================

Partition Implementation Status
-------------------------------

  No Partitions were found in this design.

-------------------------------

=========================================================================
*                            Design Summary                             *
=========================================================================

Top Level Output File Name         : UART.ngc

Primitive and Black Box Usage:
------------------------------
# BELS                             : 77
#      GND                         : 1
#      INV                         : 1
#      LUT1                        : 2
#      LUT2                        : 2
#      LUT3                        : 5
#      LUT4                        : 8
#      LUT5                        : 24
#      LUT6                        : 6
#      MUXCY                       : 13
#      VCC                         : 1
#      XORCY                       : 14
# FlipFlops/Latches                : 37
#      FDC                         : 19
#      FDCE                        : 12
#      FDE                         : 2
#      FDP                         : 2
#      FDRE                        : 1
#      LDC                         : 1
# Clock Buffers                    : 2
#      BUFG                        : 1
#      BUFGP                       : 1
# IO Buffers                       : 19
#      IBUF                        : 10
#      OBUF                        : 9

Device utilization summary:
---------------------------

Selected Device : 6slx9csg324-3 


Slice Logic Utilization: 
 Number of Slice Registers:              37  out of  11440     0%  
 Number of Slice LUTs:                   48  out of   5720     0%  
    Number used as Logic:                48  out of   5720     0%  

Slice Logic Distribution: 
 Number of LUT Flip Flop pairs used:     50
   Number with an unused Flip Flop:      13  out of     50    26%  
   Number with an unused LUT:             2  out of     50     4%  
   Number of fully used LUT-FF pairs:    35  out of     50    70%  
   Number of unique control sets:         8

IO Utilization: 
 Number of IOs:                          20
 Number of bonded IOBs:                  20  out of    200    10%  

Specific Feature Utilization:
 Number of BUFG/BUFGCTRLs:                2  out of     16    12%  

---------------------------
Partition Resource Summary:
---------------------------

  No Partitions were found in this design.

---------------------------


=========================================================================
Timing Report

NOTE: THESE TIMING NUMBERS ARE ONLY A SYNTHESIS ESTIMATE.
      FOR ACCURATE TIMING INFORMATION PLEASE REFER TO THE TRACE REPORT
      GENERATED AFTER PLACE-and-ROUTE.

Clock Information:
------------------
-----------------------------------+------------------------+-------+
Clock Signal                       | Clock buffer(FF name)  | Load  |
-----------------------------------+------------------------+-------+
CLK                                | BUFGP                  | 15    |
T/CD1/OUT                          | BUFG                   | 20    |
R/s_RST_AND_3_o(R/s_RST_AND_3_o:O) | NONE(*)(R/en_LDC)      | 1     |
R/rc                               | NONE(R/en_P)           | 1     |
-----------------------------------+------------------------+-------+
(*) This 1 clock signal(s) are generated by combinatorial logic,
and XST is not able to identify which are the primary clock signals.
Please use the CLOCK_SIGNAL constraint to specify the clock signal(s) generated by combinatorial logic.
INFO:Xst:2169 - HDL ADVISOR - Some clock signals were not automatically buffered by XST with BUFG/BUFR resources. Please use the buffer_type constraint in order to insert these buffers to the clock signals to help prevent skew problems.

Asynchronous Control Signals Information:
----------------------------------------
No asynchronous control signals found in this design

Timing Summary:
---------------
Speed Grade: -3

   Minimum period: 3.640ns (Maximum Frequency: 274.729MHz)
   Minimum input arrival time before clock: 4.607ns
   Maximum output required time after clock: 3.634ns
   Maximum combinational path delay: No path found

Timing Details:
---------------
All values displayed in nanoseconds (ns)

=========================================================================
Timing constraint: Default period analysis for Clock 'CLK'
  Clock period: 3.640ns (frequency: 274.729MHz)
  Total number of paths / destination ports: 1436 / 15
-------------------------------------------------------------------------
Delay:               3.640ns (Levels of Logic = 16)
  Source:            T/CD1/Counter_10 (FF)
  Destination:       T/CD1/Counter_13 (FF)
  Source Clock:      CLK rising
  Destination Clock: CLK rising

  Data Path: T/CD1/Counter_10 to T/CD1/Counter_13
                                Gate     Net
    Cell:in->out      fanout   Delay   Delay  Logical Name (Net Name)
    ----------------------------------------  ------------
     FDC:C->Q              3   0.447   0.995  T/CD1/Counter_10 (T/CD1/Counter_10)
     LUT5:I0->O            1   0.203   0.684  T/CD1/Counter[13]_GND_3_o_equal_1_o_inv1 (T/CD1/Counter[13]_GND_3_o_equal_1_o_inv1)
     LUT5:I3->O            1   0.203   0.579  T/CD1/Counter[13]_GND_3_o_equal_1_o_inv3 (T/CD1/Counter[13]_GND_3_o_equal_1_o_inv)
     MUXCY:CI->O           1   0.019   0.000  T/CD1/Mcount_Counter_cy<0> (T/CD1/Mcount_Counter_cy<0>)
     MUXCY:CI->O           1   0.019   0.000  T/CD1/Mcount_Counter_cy<1> (T/CD1/Mcount_Counter_cy<1>)
     MUXCY:CI->O           1   0.019   0.000  T/CD1/Mcount_Counter_cy<2> (T/CD1/Mcount_Counter_cy<2>)
     MUXCY:CI->O           1   0.019   0.000  T/CD1/Mcount_Counter_cy<3> (T/CD1/Mcount_Counter_cy<3>)
     MUXCY:CI->O           1   0.019   0.000  T/CD1/Mcount_Counter_cy<4> (T/CD1/Mcount_Counter_cy<4>)
     MUXCY:CI->O           1   0.019   0.000  T/CD1/Mcount_Counter_cy<5> (T/CD1/Mcount_Counter_cy<5>)
     MUXCY:CI->O           1   0.019   0.000  T/CD1/Mcount_Counter_cy<6> (T/CD1/Mcount_Counter_cy<6>)
     MUXCY:CI->O           1   0.019   0.000  T/CD1/Mcount_Counter_cy<7> (T/CD1/Mcount_Counter_cy<7>)
     MUXCY:CI->O           1   0.019   0.000  T/CD1/Mcount_Counter_cy<8> (T/CD1/Mcount_Counter_cy<8>)
     MUXCY:CI->O           1   0.019   0.000  T/CD1/Mcount_Counter_cy<9> (T/CD1/Mcount_Counter_cy<9>)
     MUXCY:CI->O           1   0.019   0.000  T/CD1/Mcount_Counter_cy<10> (T/CD1/Mcount_Counter_cy<10>)
     MUXCY:CI->O           1   0.019   0.000  T/CD1/Mcount_Counter_cy<11> (T/CD1/Mcount_Counter_cy<11>)
     MUXCY:CI->O           0   0.019   0.000  T/CD1/Mcount_Counter_cy<12> (T/CD1/Mcount_Counter_cy<12>)
     XORCY:CI->O           1   0.180   0.000  T/CD1/Mcount_Counter_xor<13> (T/CD1/Mcount_Counter13)
     FDC:D                     0.102          T/CD1/Counter_13
    ----------------------------------------
    Total                      3.640ns (1.382ns logic, 2.258ns route)
                                       (38.0% logic, 62.0% route)

=========================================================================
Timing constraint: Default period analysis for Clock 'T/CD1/OUT'
  Clock period: 2.814ns (frequency: 355.316MHz)
  Total number of paths / destination ports: 86 / 27
-------------------------------------------------------------------------
Delay:               2.814ns (Levels of Logic = 2)
  Source:            T/Count_2 (FF)
  Destination:       T/TX_register (FF)
  Source Clock:      T/CD1/OUT rising
  Destination Clock: T/CD1/OUT rising

  Data Path: T/Count_2 to T/TX_register
                                Gate     Net
    Cell:in->out      fanout   Delay   Delay  Logical Name (Net Name)
    ----------------------------------------  ------------
     FDC:C->Q              8   0.447   1.031  T/Count_2 (T/Count_2)
     LUT3:I0->O            1   0.205   0.827  T/Mmux_Count[3]_PWR_2_o_Mux_11_o22_SW1 (N5)
     LUT6:I2->O            1   0.203   0.000  T/Mmux_Count[3]_PWR_2_o_Mux_11_o24 (T/Count[3]_PWR_2_o_Mux_11_o)
     FDP:D                     0.102          T/TX_register
    ----------------------------------------
    Total                      2.814ns (0.957ns logic, 1.857ns route)
                                       (34.0% logic, 66.0% route)

=========================================================================
Timing constraint: Default OFFSET IN BEFORE for Clock 'CLK'
  Total number of paths / destination ports: 15 / 15
-------------------------------------------------------------------------
Offset:              3.000ns (Levels of Logic = 1)
  Source:            RST (PAD)
  Destination:       T/CD1/Counter_13 (FF)
  Destination Clock: CLK rising

  Data Path: RST to T/CD1/Counter_13
                                Gate     Net
    Cell:in->out      fanout   Delay   Delay  Logical Name (Net Name)
    ----------------------------------------  ------------
     IBUF:I->O            36   1.222   1.348  RST_IBUF (RST_IBUF)
     FDC:CLR                   0.430          T/CD1/Counter_0
    ----------------------------------------
    Total                      3.000ns (1.652ns logic, 1.348ns route)
                                       (55.1% logic, 44.9% route)

=========================================================================
Timing constraint: Default OFFSET IN BEFORE for Clock 'T/CD1/OUT'
  Total number of paths / destination ports: 38 / 31
-------------------------------------------------------------------------
Offset:              4.013ns (Levels of Logic = 2)
  Source:            RST (PAD)
  Destination:       R/rc (FF)
  Destination Clock: T/CD1/OUT rising

  Data Path: RST to R/rc
                                Gate     Net
    Cell:in->out      fanout   Delay   Delay  Logical Name (Net Name)
    ----------------------------------------  ------------
     IBUF:I->O            36   1.222   1.577  RST_IBUF (RST_IBUF)
     LUT3:I0->O            1   0.205   0.579  R/_n00521 (R/_n0052)
     FDRE:R                    0.430          R/rc
    ----------------------------------------
    Total                      4.013ns (1.857ns logic, 2.156ns route)
                                       (46.3% logic, 53.7% route)

=========================================================================
Timing constraint: Default OFFSET IN BEFORE for Clock 'R/s_RST_AND_3_o'
  Total number of paths / destination ports: 1 / 1
-------------------------------------------------------------------------
Offset:              3.000ns (Levels of Logic = 1)
  Source:            RST (PAD)
  Destination:       R/en_LDC (LATCH)
  Destination Clock: R/s_RST_AND_3_o falling

  Data Path: RST to R/en_LDC
                                Gate     Net
    Cell:in->out      fanout   Delay   Delay  Logical Name (Net Name)
    ----------------------------------------  ------------
     IBUF:I->O            36   1.222   1.348  RST_IBUF (RST_IBUF)
     LDC:CLR                   0.430          R/en_LDC
    ----------------------------------------
    Total                      3.000ns (1.652ns logic, 1.348ns route)
                                       (55.1% logic, 44.9% route)

=========================================================================
Timing constraint: Default OFFSET IN BEFORE for Clock 'R/rc'
  Total number of paths / destination ports: 1 / 1
-------------------------------------------------------------------------
Offset:              4.607ns (Levels of Logic = 3)
  Source:            RST (PAD)
  Destination:       R/en_P (FF)
  Destination Clock: R/rc rising

  Data Path: RST to R/en_P
                                Gate     Net
    Cell:in->out      fanout   Delay   Delay  Logical Name (Net Name)
    ----------------------------------------  ------------
     IBUF:I->O            36   1.222   1.349  RST_IBUF (RST_IBUF)
     LUT2:I1->O            1   0.205   0.580  R/s_RST_AND_3_o_SW0 (N2)
     LUT6:I5->O            2   0.205   0.616  R/s_RST_AND_3_o (R/s_RST_AND_3_o)
     FDP:PRE                   0.430          R/en_P
    ----------------------------------------
    Total                      4.607ns (2.062ns logic, 2.545ns route)
                                       (44.8% logic, 55.2% route)

=========================================================================
Timing constraint: Default OFFSET OUT AFTER for Clock 'T/CD1/OUT'
  Total number of paths / destination ports: 9 / 9
-------------------------------------------------------------------------
Offset:              3.634ns (Levels of Logic = 1)
  Source:            R/DATA_7 (FF)
  Destination:       DATA_OUT<7> (PAD)
  Source Clock:      T/CD1/OUT rising

  Data Path: R/DATA_7 to DATA_OUT<7>
                                Gate     Net
    Cell:in->out      fanout   Delay   Delay  Logical Name (Net Name)
    ----------------------------------------  ------------
     FDCE:C->Q             2   0.447   0.616  R/DATA_7 (R/DATA_7)
     OBUF:I->O                 2.571          DATA_OUT_7_OBUF (DATA_OUT<7>)
    ----------------------------------------
    Total                      3.634ns (3.018ns logic, 0.616ns route)
                                       (83.0% logic, 17.0% route)

=========================================================================

Cross Clock Domains Report:
--------------------------

Clock to Setup on destination clock CLK
---------------+---------+---------+---------+---------+
               | Src:Rise| Src:Fall| Src:Rise| Src:Fall|
Source Clock   |Dest:Rise|Dest:Rise|Dest:Fall|Dest:Fall|
---------------+---------+---------+---------+---------+
CLK            |    3.640|         |         |         |
---------------+---------+---------+---------+---------+

Clock to Setup on destination clock R/rc
---------------+---------+---------+---------+---------+
               | Src:Rise| Src:Fall| Src:Rise| Src:Fall|
Source Clock   |Dest:Rise|Dest:Rise|Dest:Fall|Dest:Fall|
---------------+---------+---------+---------+---------+
T/CD1/OUT      |    3.165|         |         |         |
---------------+---------+---------+---------+---------+

Clock to Setup on destination clock T/CD1/OUT
---------------+---------+---------+---------+---------+
               | Src:Rise| Src:Fall| Src:Rise| Src:Fall|
Source Clock   |Dest:Rise|Dest:Rise|Dest:Fall|Dest:Fall|
---------------+---------+---------+---------+---------+
R/rc           |    2.529|         |         |         |
R/s_RST_AND_3_o|         |    2.587|         |         |
T/CD1/OUT      |    2.814|         |         |         |
---------------+---------+---------+---------+---------+

=========================================================================


Total REAL time to Xst completion: 8.00 secs
Total CPU time to Xst completion: 8.14 secs
 
--> 

Total memory usage is 296256 kilobytes

Number of errors   :    0 (   0 filtered)
Number of warnings :   13 (   0 filtered)
Number of infos    :   17 (   0 filtered)

