Running: E:\Xilinx\14.7\ISE_DS\ISE\bin\nt\unwrapped\fuse.exe -intstyle ise -incremental -lib unisims_ver -lib unimacro_ver -lib xilinxcorelib_ver -lib secureip -o E:/Xilinx/Projects/Motor_PWM/PWM_Test_isim_beh.exe -prj E:/Xilinx/Projects/Motor_PWM/PWM_Test_beh.prj work.PWM_Test work.glbl 
ISim P.20131013 (signature 0x8ef4fb42)
Number of CPUs detected in this system: 8
Turning on mult-threading, number of parallel sub-compilation jobs: 16 
Determining compilation order of HDL files
Analyzing Verilog file "E:/Xilinx/Projects/Motor_PWM/../Clock_Divider/Clock_Divider.v" into library work
Analyzing Verilog file "E:/Xilinx/Projects/Motor_PWM/Motor_PWM.v" into library work
Analyzing Verilog file "E:/Xilinx/Projects/Motor_PWM/PWM_Test.v" into library work
WARNING:HDLCompiler:568 - "E:/Xilinx/Projects/Motor_PWM/PWM_Test.v" Line 45: Constant value is truncated to fit in <4> bits.
Analyzing Verilog file "E:/Xilinx/14.7/ISE_DS/ISE//verilog/src/glbl.v" into library work
Starting static elaboration
WARNING:HDLCompiler:189 - "E:/Xilinx/Projects/Motor_PWM/PWM_Test.v" Line 37: Size mismatch in connection of port <Input>. Formal port size is 8-bit while actual signal size is 4-bit.
Completed static elaboration
Fuse Memory Usage: 194112 KB
Fuse CPU Usage: 546 ms
Compiling module Clock_Divider
Compiling module PWM
Compiling module PWM_Test
Compiling module glbl
Time Resolution for simulation is 1ps.
Waiting for 1 sub-compilation(s) to finish...
Compiled 4 Verilog Units
Built simulation executable E:/Xilinx/Projects/Motor_PWM/PWM_Test_isim_beh.exe
Fuse Memory Usage: 201632 KB
Fuse CPU Usage: 687 ms
